<?xml version="1.0" encoding="UTF-8"?>
<testng-results ignored="30" total="46" passed="12" failed="4" skipped="0">
  <reporter-output>
  </reporter-output>
  <suite started-at="2024-11-16T11:27:13Z" name="Pai Pai POS" finished-at="2024-11-16T11:34:56Z" duration-ms="463157">
    <groups>
    </groups>
    <test started-at="2024-11-16T11:27:13Z" name="Test" finished-at="2024-11-16T11:34:56Z" duration-ms="463157">
      <class name="com.it.digitech.tests.CreateItemTest">
        <test-method is-config="true" signature="openUrl()[pri:0, instance:com.it.digitech.tests.CreateItemTest@7690781]" started-at="2024-11-16T17:28:03Z" name="openUrl" finished-at="2024-11-16T17:28:05Z" duration-ms="2163" status="PASS">
          <reporter-output>
          </reporter-output>
        </test-method> <!-- openUrl -->
        <test-method signature="CreateItemMethod()[pri:0, instance:com.it.digitech.tests.CreateItemTest@7690781]" started-at="2024-11-16T17:28:05Z" name="CreateItemMethod" finished-at="2024-11-16T17:28:52Z" duration-ms="46591" status="PASS">
          <reporter-output>
          </reporter-output>
        </test-method> <!-- CreateItemMethod -->
        <test-method is-config="true" signature="report()[pri:0, instance:com.it.digitech.tests.CreateItemTest@7690781]" started-at="2024-11-16T17:28:52Z" name="report" finished-at="2024-11-16T17:28:52Z" duration-ms="83" status="PASS">
          <reporter-output>
          </reporter-output>
        </test-method> <!-- report -->
      </class> <!-- com.it.digitech.tests.CreateItemTest -->
      <class name="com.it.digitech.tests.StockAdjustmentTest">
        <test-method is-config="true" signature="openUrl()[pri:0, instance:com.it.digitech.tests.StockAdjustmentTest@65f095f8]" started-at="2024-11-16T17:34:41Z" name="openUrl" finished-at="2024-11-16T17:34:43Z" duration-ms="2151" status="PASS">
          <reporter-output>
          </reporter-output>
        </test-method> <!-- openUrl -->
        <test-method signature="testStockAdjustment()[pri:0, instance:com.it.digitech.tests.StockAdjustmentTest@65f095f8]" started-at="2024-11-16T17:34:43Z" name="testStockAdjustment" finished-at="2024-11-16T17:34:56Z" duration-ms="13621" status="FAIL">
          <exception class="org.openqa.selenium.NoSuchElementException">
            <message>
              <![CDATA[no such element: Unable to locate element: {"method":"xpath","selector":"//td[contains(text(),'FG-106699-0000020')]"}
  (Session info: chrome=131.0.6778.69)
For documentation on this error, please visit: https://www.selenium.dev/documentation/webdriver/troubleshooting/errors#no-such-element-exception
Build info: version: '4.25.0', revision: '8a8aea2337'
System info: os.name: 'Windows 11', os.arch: 'amd64', os.version: '10.0', java.version: '11.0.23'
Driver info: org.openqa.selenium.chrome.ChromeDriver
Command: [f96ae93fc04a8ffe58650414fe8c8e6a, findElement {value=//td[contains(text(),'FG-106699-0000020')], using=xpath}]
Capabilities {acceptInsecureCerts: false, browserName: chrome, browserVersion: 131.0.6778.69, chrome: {chromedriverVersion: 131.0.6778.69 (77e2244bbcda..., userDataDir: C:\Users\MITHUN~1\AppData\L...}, fedcm:accounts: true, goog:chromeOptions: {debuggerAddress: localhost:8326}, networkConnectionEnabled: false, pageLoadStrategy: normal, platformName: windows, proxy: Proxy(), se:cdp: ws://localhost:8326/devtool..., se:cdpVersion: 131.0.6778.69, setWindowRect: true, strictFileInteractability: false, timeouts: {implicit: 0, pageLoad: 300000, script: 30000}, unhandledPromptBehavior: dismiss and notify, webauthn:extension:credBlob: true, webauthn:extension:largeBlob: true, webauthn:extension:minPinLength: true, webauthn:extension:prf: true, webauthn:virtualAuthenticators: true}
Session ID: f96ae93fc04a8ffe58650414fe8c8e6a]]>
            </message>
            <full-stacktrace>
              <![CDATA[org.openqa.selenium.NoSuchElementException: no such element: Unable to locate element: {"method":"xpath","selector":"//td[contains(text(),'FG-106699-0000020')]"}
  (Session info: chrome=131.0.6778.69)
For documentation on this error, please visit: https://www.selenium.dev/documentation/webdriver/troubleshooting/errors#no-such-element-exception
Build info: version: '4.25.0', revision: '8a8aea2337'
System info: os.name: 'Windows 11', os.arch: 'amd64', os.version: '10.0', java.version: '11.0.23'
Driver info: org.openqa.selenium.chrome.ChromeDriver
Command: [f96ae93fc04a8ffe58650414fe8c8e6a, findElement {value=//td[contains(text(),'FG-106699-0000020')], using=xpath}]
Capabilities {acceptInsecureCerts: false, browserName: chrome, browserVersion: 131.0.6778.69, chrome: {chromedriverVersion: 131.0.6778.69 (77e2244bbcda..., userDataDir: C:\Users\MITHUN~1\AppData\L...}, fedcm:accounts: true, goog:chromeOptions: {debuggerAddress: localhost:8326}, networkConnectionEnabled: false, pageLoadStrategy: normal, platformName: windows, proxy: Proxy(), se:cdp: ws://localhost:8326/devtool..., se:cdpVersion: 131.0.6778.69, setWindowRect: true, strictFileInteractability: false, timeouts: {implicit: 0, pageLoad: 300000, script: 30000}, unhandledPromptBehavior: dismiss and notify, webauthn:extension:credBlob: true, webauthn:extension:largeBlob: true, webauthn:extension:minPinLength: true, webauthn:extension:prf: true, webauthn:virtualAuthenticators: true}
Session ID: f96ae93fc04a8ffe58650414fe8c8e6a
	at java.base/jdk.internal.reflect.NativeConstructorAccessorImpl.newInstance0(Native Method)
	at java.base/jdk.internal.reflect.NativeConstructorAccessorImpl.newInstance(NativeConstructorAccessorImpl.java:62)
	at java.base/jdk.internal.reflect.DelegatingConstructorAccessorImpl.newInstance(DelegatingConstructorAccessorImpl.java:45)
	at java.base/java.lang.reflect.Constructor.newInstance(Constructor.java:490)
	at org.openqa.selenium.remote.ErrorCodec.decode(ErrorCodec.java:167)
	at org.openqa.selenium.remote.codec.w3c.W3CHttpResponseCodec.decode(W3CHttpResponseCodec.java:138)
	at org.openqa.selenium.remote.codec.w3c.W3CHttpResponseCodec.decode(W3CHttpResponseCodec.java:50)
	at org.openqa.selenium.remote.HttpCommandExecutor.execute(HttpCommandExecutor.java:190)
	at org.openqa.selenium.remote.service.DriverCommandExecutor.invokeExecute(DriverCommandExecutor.java:216)
	at org.openqa.selenium.remote.service.DriverCommandExecutor.execute(DriverCommandExecutor.java:174)
	at org.openqa.selenium.remote.RemoteWebDriver.execute(RemoteWebDriver.java:545)
	at org.openqa.selenium.remote.ElementLocation$ElementFinder$2.findElement(ElementLocation.java:165)
	at org.openqa.selenium.remote.ElementLocation.findElement(ElementLocation.java:59)
	at org.openqa.selenium.remote.RemoteWebDriver.findElement(RemoteWebDriver.java:368)
	at org.openqa.selenium.remote.RemoteWebDriver.findElement(RemoteWebDriver.java:362)
	at org.openqa.selenium.support.pagefactory.DefaultElementLocator.findElement(DefaultElementLocator.java:68)
	at org.openqa.selenium.support.pagefactory.internal.LocatingElementHandler.invoke(LocatingElementHandler.java:38)
	at com.sun.proxy.$Proxy17.isDisplayed(Unknown Source)
	at com.it.digitech.utilities.CommonMethods.clickAndCapture(CommonMethods.java:123)
	at com.it.digitech.pages.StockAdjustmentPage.StockAdjustment(StockAdjustmentPage.java:64)
	at com.it.digitech.tests.StockAdjustmentTest.testStockAdjustment(StockAdjustmentTest.java:34)
	at java.base/jdk.internal.reflect.NativeMethodAccessorImpl.invoke0(Native Method)
	at java.base/jdk.internal.reflect.NativeMethodAccessorImpl.invoke(NativeMethodAccessorImpl.java:62)
	at java.base/jdk.internal.reflect.DelegatingMethodAccessorImpl.invoke(DelegatingMethodAccessorImpl.java:43)
	at java.base/java.lang.reflect.Method.invoke(Method.java:566)
	at org.testng.internal.MethodInvocationHelper.invokeMethod(MethodInvocationHelper.java:108)
	at org.testng.internal.Invoker.invokeMethod(Invoker.java:661)
	at org.testng.internal.Invoker.invokeTestMethod(Invoker.java:869)
	at org.testng.internal.Invoker.invokeTestMethods(Invoker.java:1193)
	at org.testng.internal.TestMethodWorker.invokeTestMethods(TestMethodWorker.java:126)
	at org.testng.internal.TestMethodWorker.run(TestMethodWorker.java:109)
	at org.testng.TestRunner.privateRun(TestRunner.java:744)
	at org.testng.TestRunner.run(TestRunner.java:602)
	at org.testng.SuiteRunner.runTest(SuiteRunner.java:380)
	at org.testng.SuiteRunner.runSequentially(SuiteRunner.java:375)
	at org.testng.SuiteRunner.privateRun(SuiteRunner.java:340)
	at org.testng.SuiteRunner.run(SuiteRunner.java:289)
	at org.testng.SuiteRunnerWorker.runSuite(SuiteRunnerWorker.java:52)
	at org.testng.SuiteRunnerWorker.run(SuiteRunnerWorker.java:86)
	at org.testng.TestNG.runSuitesSequentially(TestNG.java:1301)
	at org.testng.TestNG.runSuitesLocally(TestNG.java:1226)
	at org.testng.TestNG.runSuites(TestNG.java:1144)
	at org.testng.TestNG.run(TestNG.java:1115)
	at org.testng.remote.AbstractRemoteTestNG.run(AbstractRemoteTestNG.java:115)
	at org.testng.remote.RemoteTestNG.initAndRun(RemoteTestNG.java:293)
	at org.testng.remote.RemoteTestNG.main(RemoteTestNG.java:91)
]]>
            </full-stacktrace>
          </exception> <!-- org.openqa.selenium.NoSuchElementException -->
          <reporter-output>
          </reporter-output>
        </test-method> <!-- testStockAdjustment -->
        <test-method is-config="true" signature="report()[pri:0, instance:com.it.digitech.tests.StockAdjustmentTest@65f095f8]" started-at="2024-11-16T17:34:56Z" name="report" finished-at="2024-11-16T17:34:56Z" duration-ms="154" status="PASS">
          <reporter-output>
          </reporter-output>
        </test-method> <!-- report -->
      </class> <!-- com.it.digitech.tests.StockAdjustmentTest -->
      <class name="com.it.digitech.tests.RetailSalesWithoutBarTest">
        <test-method is-config="true" signature="openUrl()[pri:0, instance:com.it.digitech.tests.RetailSalesWithoutBarTest@73ee04c8]" started-at="2024-11-16T17:30:57Z" name="openUrl" finished-at="2024-11-16T17:30:59Z" duration-ms="2190" status="PASS">
          <reporter-output>
          </reporter-output>
        </test-method> <!-- openUrl -->
        <test-method signature="testRetailSaleWoBarMethod()[pri:0, instance:com.it.digitech.tests.RetailSalesWithoutBarTest@73ee04c8]" started-at="2024-11-16T17:30:59Z" name="testRetailSaleWoBarMethod" finished-at="2024-11-16T17:31:23Z" duration-ms="24264" status="FAIL">
          <exception class="org.openqa.selenium.NoSuchElementException">
            <message>
              <![CDATA[no such element: Unable to locate element: {"method":"xpath","selector":"//button[@id=' BTN_CONFIRM ']"}
  (Session info: chrome=131.0.6778.69)
For documentation on this error, please visit: https://www.selenium.dev/documentation/webdriver/troubleshooting/errors#no-such-element-exception
Build info: version: '4.25.0', revision: '8a8aea2337'
System info: os.name: 'Windows 11', os.arch: 'amd64', os.version: '10.0', java.version: '11.0.23'
Driver info: org.openqa.selenium.chrome.ChromeDriver
Command: [f96ae93fc04a8ffe58650414fe8c8e6a, findElement {value=//button[@id=' BTN_CONFIRM '], using=xpath}]
Capabilities {acceptInsecureCerts: false, browserName: chrome, browserVersion: 131.0.6778.69, chrome: {chromedriverVersion: 131.0.6778.69 (77e2244bbcda..., userDataDir: C:\Users\MITHUN~1\AppData\L...}, fedcm:accounts: true, goog:chromeOptions: {debuggerAddress: localhost:8326}, networkConnectionEnabled: false, pageLoadStrategy: normal, platformName: windows, proxy: Proxy(), se:cdp: ws://localhost:8326/devtool..., se:cdpVersion: 131.0.6778.69, setWindowRect: true, strictFileInteractability: false, timeouts: {implicit: 0, pageLoad: 300000, script: 30000}, unhandledPromptBehavior: dismiss and notify, webauthn:extension:credBlob: true, webauthn:extension:largeBlob: true, webauthn:extension:minPinLength: true, webauthn:extension:prf: true, webauthn:virtualAuthenticators: true}
Session ID: f96ae93fc04a8ffe58650414fe8c8e6a]]>
            </message>
            <full-stacktrace>
              <![CDATA[org.openqa.selenium.NoSuchElementException: no such element: Unable to locate element: {"method":"xpath","selector":"//button[@id=' BTN_CONFIRM ']"}
  (Session info: chrome=131.0.6778.69)
For documentation on this error, please visit: https://www.selenium.dev/documentation/webdriver/troubleshooting/errors#no-such-element-exception
Build info: version: '4.25.0', revision: '8a8aea2337'
System info: os.name: 'Windows 11', os.arch: 'amd64', os.version: '10.0', java.version: '11.0.23'
Driver info: org.openqa.selenium.chrome.ChromeDriver
Command: [f96ae93fc04a8ffe58650414fe8c8e6a, findElement {value=//button[@id=' BTN_CONFIRM '], using=xpath}]
Capabilities {acceptInsecureCerts: false, browserName: chrome, browserVersion: 131.0.6778.69, chrome: {chromedriverVersion: 131.0.6778.69 (77e2244bbcda..., userDataDir: C:\Users\MITHUN~1\AppData\L...}, fedcm:accounts: true, goog:chromeOptions: {debuggerAddress: localhost:8326}, networkConnectionEnabled: false, pageLoadStrategy: normal, platformName: windows, proxy: Proxy(), se:cdp: ws://localhost:8326/devtool..., se:cdpVersion: 131.0.6778.69, setWindowRect: true, strictFileInteractability: false, timeouts: {implicit: 0, pageLoad: 300000, script: 30000}, unhandledPromptBehavior: dismiss and notify, webauthn:extension:credBlob: true, webauthn:extension:largeBlob: true, webauthn:extension:minPinLength: true, webauthn:extension:prf: true, webauthn:virtualAuthenticators: true}
Session ID: f96ae93fc04a8ffe58650414fe8c8e6a
	at java.base/jdk.internal.reflect.NativeConstructorAccessorImpl.newInstance0(Native Method)
	at java.base/jdk.internal.reflect.NativeConstructorAccessorImpl.newInstance(NativeConstructorAccessorImpl.java:62)
	at java.base/jdk.internal.reflect.DelegatingConstructorAccessorImpl.newInstance(DelegatingConstructorAccessorImpl.java:45)
	at java.base/java.lang.reflect.Constructor.newInstance(Constructor.java:490)
	at org.openqa.selenium.remote.ErrorCodec.decode(ErrorCodec.java:167)
	at org.openqa.selenium.remote.codec.w3c.W3CHttpResponseCodec.decode(W3CHttpResponseCodec.java:138)
	at org.openqa.selenium.remote.codec.w3c.W3CHttpResponseCodec.decode(W3CHttpResponseCodec.java:50)
	at org.openqa.selenium.remote.HttpCommandExecutor.execute(HttpCommandExecutor.java:190)
	at org.openqa.selenium.remote.service.DriverCommandExecutor.invokeExecute(DriverCommandExecutor.java:216)
	at org.openqa.selenium.remote.service.DriverCommandExecutor.execute(DriverCommandExecutor.java:174)
	at org.openqa.selenium.remote.RemoteWebDriver.execute(RemoteWebDriver.java:545)
	at org.openqa.selenium.remote.ElementLocation$ElementFinder$2.findElement(ElementLocation.java:165)
	at org.openqa.selenium.remote.ElementLocation.findElement(ElementLocation.java:59)
	at org.openqa.selenium.remote.RemoteWebDriver.findElement(RemoteWebDriver.java:368)
	at org.openqa.selenium.remote.RemoteWebDriver.findElement(RemoteWebDriver.java:362)
	at org.openqa.selenium.support.pagefactory.DefaultElementLocator.findElement(DefaultElementLocator.java:68)
	at org.openqa.selenium.support.pagefactory.internal.LocatingElementHandler.invoke(LocatingElementHandler.java:38)
	at com.sun.proxy.$Proxy17.isDisplayed(Unknown Source)
	at com.it.digitech.utilities.CommonMethods.clickAndCapture(CommonMethods.java:123)
	at com.it.digitech.pages.RetailSalesWithoutBarPage.RetailSalesWithoutBar(RetailSalesWithoutBarPage.java:46)
	at com.it.digitech.tests.RetailSalesWithoutBarTest.testRetailSaleWoBarMethod(RetailSalesWithoutBarTest.java:38)
	at java.base/jdk.internal.reflect.NativeMethodAccessorImpl.invoke0(Native Method)
	at java.base/jdk.internal.reflect.NativeMethodAccessorImpl.invoke(NativeMethodAccessorImpl.java:62)
	at java.base/jdk.internal.reflect.DelegatingMethodAccessorImpl.invoke(DelegatingMethodAccessorImpl.java:43)
	at java.base/java.lang.reflect.Method.invoke(Method.java:566)
	at org.testng.internal.MethodInvocationHelper.invokeMethod(MethodInvocationHelper.java:108)
	at org.testng.internal.Invoker.invokeMethod(Invoker.java:661)
	at org.testng.internal.Invoker.invokeTestMethod(Invoker.java:869)
	at org.testng.internal.Invoker.invokeTestMethods(Invoker.java:1193)
	at org.testng.internal.TestMethodWorker.invokeTestMethods(TestMethodWorker.java:126)
	at org.testng.internal.TestMethodWorker.run(TestMethodWorker.java:109)
	at org.testng.TestRunner.privateRun(TestRunner.java:744)
	at org.testng.TestRunner.run(TestRunner.java:602)
	at org.testng.SuiteRunner.runTest(SuiteRunner.java:380)
	at org.testng.SuiteRunner.runSequentially(SuiteRunner.java:375)
	at org.testng.SuiteRunner.privateRun(SuiteRunner.java:340)
	at org.testng.SuiteRunner.run(SuiteRunner.java:289)
	at org.testng.SuiteRunnerWorker.runSuite(SuiteRunnerWorker.java:52)
	at org.testng.SuiteRunnerWorker.run(SuiteRunnerWorker.java:86)
	at org.testng.TestNG.runSuitesSequentially(TestNG.java:1301)
	at org.testng.TestNG.runSuitesLocally(TestNG.java:1226)
	at org.testng.TestNG.runSuites(TestNG.java:1144)
	at org.testng.TestNG.run(TestNG.java:1115)
	at org.testng.remote.AbstractRemoteTestNG.run(AbstractRemoteTestNG.java:115)
	at org.testng.remote.RemoteTestNG.initAndRun(RemoteTestNG.java:293)
	at org.testng.remote.RemoteTestNG.main(RemoteTestNG.java:91)
]]>
            </full-stacktrace>
          </exception> <!-- org.openqa.selenium.NoSuchElementException -->
          <reporter-output>
          </reporter-output>
        </test-method> <!-- testRetailSaleWoBarMethod -->
        <test-method is-config="true" signature="report()[pri:0, instance:com.it.digitech.tests.RetailSalesWithoutBarTest@73ee04c8]" started-at="2024-11-16T17:31:23Z" name="report" finished-at="2024-11-16T17:31:23Z" duration-ms="127" status="PASS">
          <reporter-output>
          </reporter-output>
        </test-method> <!-- report -->
      </class> <!-- com.it.digitech.tests.RetailSalesWithoutBarTest -->
      <class name="com.it.digitech.tests.LoginTest">
        <test-method is-config="true" signature="startBrowser()[pri:0, instance:com.it.digitech.tests.LoginTest@4d910fd6]" started-at="2024-11-16T17:27:12Z" name="startBrowser" finished-at="2024-11-16T17:27:13Z" duration-ms="1247" status="PASS">
          <reporter-output>
          </reporter-output>
        </test-method> <!-- startBrowser -->
        <test-method is-config="true" signature="openUrl()[pri:0, instance:com.it.digitech.tests.LoginTest@4d910fd6]" started-at="2024-11-16T17:27:13Z" name="openUrl" finished-at="2024-11-16T17:27:16Z" duration-ms="2385" status="PASS">
          <reporter-output>
          </reporter-output>
        </test-method> <!-- openUrl -->
        <test-method signature="testLoginMethod()[pri:0, instance:com.it.digitech.tests.LoginTest@4d910fd6]" started-at="2024-11-16T17:27:16Z" name="testLoginMethod" finished-at="2024-11-16T17:27:23Z" duration-ms="7794" status="PASS">
          <reporter-output>
          </reporter-output>
        </test-method> <!-- testLoginMethod -->
        <test-method is-config="true" signature="report()[pri:0, instance:com.it.digitech.tests.LoginTest@4d910fd6]" started-at="2024-11-16T17:27:23Z" name="report" finished-at="2024-11-16T17:27:24Z" duration-ms="243" status="PASS">
          <reporter-output>
          </reporter-output>
        </test-method> <!-- report -->
        <test-method is-config="true" signature="close()[pri:0, instance:com.it.digitech.tests.LoginTest@4d910fd6]" started-at="2024-11-16T17:34:56Z" name="close" finished-at="2024-11-16T17:34:57Z" duration-ms="290" status="PASS">
          <reporter-output>
          </reporter-output>
        </test-method> <!-- close -->
      </class> <!-- com.it.digitech.tests.LoginTest -->
      <class name="com.it.digitech.tests.PurchaseReturnTest">
        <test-method is-config="true" signature="openUrl()[pri:0, instance:com.it.digitech.tests.PurchaseReturnTest@6b8ca3c8]" started-at="2024-11-16T17:32:33Z" name="openUrl" finished-at="2024-11-16T17:32:35Z" duration-ms="2147" status="PASS">
          <reporter-output>
          </reporter-output>
        </test-method> <!-- openUrl -->
        <test-method signature="testPurchaseReturnMethod()[pri:0, instance:com.it.digitech.tests.PurchaseReturnTest@6b8ca3c8]" started-at="2024-11-16T17:32:35Z" name="testPurchaseReturnMethod" finished-at="2024-11-16T17:32:52Z" duration-ms="17735" status="FAIL">
          <exception class="org.openqa.selenium.NoSuchElementException">
            <message>
              <![CDATA[no such element: Unable to locate element: {"method":"xpath","selector":"//a[contains(text(),'Fetch')]"}
  (Session info: chrome=131.0.6778.69)
For documentation on this error, please visit: https://www.selenium.dev/documentation/webdriver/troubleshooting/errors#no-such-element-exception
Build info: version: '4.25.0', revision: '8a8aea2337'
System info: os.name: 'Windows 11', os.arch: 'amd64', os.version: '10.0', java.version: '11.0.23'
Driver info: org.openqa.selenium.chrome.ChromeDriver
Command: [f96ae93fc04a8ffe58650414fe8c8e6a, findElement {value=//a[contains(text(),'Fetch')], using=xpath}]
Capabilities {acceptInsecureCerts: false, browserName: chrome, browserVersion: 131.0.6778.69, chrome: {chromedriverVersion: 131.0.6778.69 (77e2244bbcda..., userDataDir: C:\Users\MITHUN~1\AppData\L...}, fedcm:accounts: true, goog:chromeOptions: {debuggerAddress: localhost:8326}, networkConnectionEnabled: false, pageLoadStrategy: normal, platformName: windows, proxy: Proxy(), se:cdp: ws://localhost:8326/devtool..., se:cdpVersion: 131.0.6778.69, setWindowRect: true, strictFileInteractability: false, timeouts: {implicit: 0, pageLoad: 300000, script: 30000}, unhandledPromptBehavior: dismiss and notify, webauthn:extension:credBlob: true, webauthn:extension:largeBlob: true, webauthn:extension:minPinLength: true, webauthn:extension:prf: true, webauthn:virtualAuthenticators: true}
Session ID: f96ae93fc04a8ffe58650414fe8c8e6a]]>
            </message>
            <full-stacktrace>
              <![CDATA[org.openqa.selenium.NoSuchElementException: no such element: Unable to locate element: {"method":"xpath","selector":"//a[contains(text(),'Fetch')]"}
  (Session info: chrome=131.0.6778.69)
For documentation on this error, please visit: https://www.selenium.dev/documentation/webdriver/troubleshooting/errors#no-such-element-exception
Build info: version: '4.25.0', revision: '8a8aea2337'
System info: os.name: 'Windows 11', os.arch: 'amd64', os.version: '10.0', java.version: '11.0.23'
Driver info: org.openqa.selenium.chrome.ChromeDriver
Command: [f96ae93fc04a8ffe58650414fe8c8e6a, findElement {value=//a[contains(text(),'Fetch')], using=xpath}]
Capabilities {acceptInsecureCerts: false, browserName: chrome, browserVersion: 131.0.6778.69, chrome: {chromedriverVersion: 131.0.6778.69 (77e2244bbcda..., userDataDir: C:\Users\MITHUN~1\AppData\L...}, fedcm:accounts: true, goog:chromeOptions: {debuggerAddress: localhost:8326}, networkConnectionEnabled: false, pageLoadStrategy: normal, platformName: windows, proxy: Proxy(), se:cdp: ws://localhost:8326/devtool..., se:cdpVersion: 131.0.6778.69, setWindowRect: true, strictFileInteractability: false, timeouts: {implicit: 0, pageLoad: 300000, script: 30000}, unhandledPromptBehavior: dismiss and notify, webauthn:extension:credBlob: true, webauthn:extension:largeBlob: true, webauthn:extension:minPinLength: true, webauthn:extension:prf: true, webauthn:virtualAuthenticators: true}
Session ID: f96ae93fc04a8ffe58650414fe8c8e6a
	at java.base/jdk.internal.reflect.NativeConstructorAccessorImpl.newInstance0(Native Method)
	at java.base/jdk.internal.reflect.NativeConstructorAccessorImpl.newInstance(NativeConstructorAccessorImpl.java:62)
	at java.base/jdk.internal.reflect.DelegatingConstructorAccessorImpl.newInstance(DelegatingConstructorAccessorImpl.java:45)
	at java.base/java.lang.reflect.Constructor.newInstance(Constructor.java:490)
	at org.openqa.selenium.remote.ErrorCodec.decode(ErrorCodec.java:167)
	at org.openqa.selenium.remote.codec.w3c.W3CHttpResponseCodec.decode(W3CHttpResponseCodec.java:138)
	at org.openqa.selenium.remote.codec.w3c.W3CHttpResponseCodec.decode(W3CHttpResponseCodec.java:50)
	at org.openqa.selenium.remote.HttpCommandExecutor.execute(HttpCommandExecutor.java:190)
	at org.openqa.selenium.remote.service.DriverCommandExecutor.invokeExecute(DriverCommandExecutor.java:216)
	at org.openqa.selenium.remote.service.DriverCommandExecutor.execute(DriverCommandExecutor.java:174)
	at org.openqa.selenium.remote.RemoteWebDriver.execute(RemoteWebDriver.java:545)
	at org.openqa.selenium.remote.ElementLocation$ElementFinder$2.findElement(ElementLocation.java:165)
	at org.openqa.selenium.remote.ElementLocation.findElement(ElementLocation.java:59)
	at org.openqa.selenium.remote.RemoteWebDriver.findElement(RemoteWebDriver.java:368)
	at org.openqa.selenium.remote.RemoteWebDriver.findElement(RemoteWebDriver.java:362)
	at org.openqa.selenium.support.pagefactory.DefaultElementLocator.findElement(DefaultElementLocator.java:68)
	at org.openqa.selenium.support.pagefactory.internal.LocatingElementHandler.invoke(LocatingElementHandler.java:38)
	at com.sun.proxy.$Proxy17.isDisplayed(Unknown Source)
	at com.it.digitech.utilities.CommonMethods.clickAndCapture(CommonMethods.java:123)
	at com.it.digitech.pages.PurchaseReturnPage.purchaseReturn(PurchaseReturnPage.java:48)
	at com.it.digitech.tests.PurchaseReturnTest.testPurchaseReturnMethod(PurchaseReturnTest.java:34)
	at java.base/jdk.internal.reflect.NativeMethodAccessorImpl.invoke0(Native Method)
	at java.base/jdk.internal.reflect.NativeMethodAccessorImpl.invoke(NativeMethodAccessorImpl.java:62)
	at java.base/jdk.internal.reflect.DelegatingMethodAccessorImpl.invoke(DelegatingMethodAccessorImpl.java:43)
	at java.base/java.lang.reflect.Method.invoke(Method.java:566)
	at org.testng.internal.MethodInvocationHelper.invokeMethod(MethodInvocationHelper.java:108)
	at org.testng.internal.Invoker.invokeMethod(Invoker.java:661)
	at org.testng.internal.Invoker.invokeTestMethod(Invoker.java:869)
	at org.testng.internal.Invoker.invokeTestMethods(Invoker.java:1193)
	at org.testng.internal.TestMethodWorker.invokeTestMethods(TestMethodWorker.java:126)
	at org.testng.internal.TestMethodWorker.run(TestMethodWorker.java:109)
	at org.testng.TestRunner.privateRun(TestRunner.java:744)
	at org.testng.TestRunner.run(TestRunner.java:602)
	at org.testng.SuiteRunner.runTest(SuiteRunner.java:380)
	at org.testng.SuiteRunner.runSequentially(SuiteRunner.java:375)
	at org.testng.SuiteRunner.privateRun(SuiteRunner.java:340)
	at org.testng.SuiteRunner.run(SuiteRunner.java:289)
	at org.testng.SuiteRunnerWorker.runSuite(SuiteRunnerWorker.java:52)
	at org.testng.SuiteRunnerWorker.run(SuiteRunnerWorker.java:86)
	at org.testng.TestNG.runSuitesSequentially(TestNG.java:1301)
	at org.testng.TestNG.runSuitesLocally(TestNG.java:1226)
	at org.testng.TestNG.runSuites(TestNG.java:1144)
	at org.testng.TestNG.run(TestNG.java:1115)
	at org.testng.remote.AbstractRemoteTestNG.run(AbstractRemoteTestNG.java:115)
	at org.testng.remote.RemoteTestNG.initAndRun(RemoteTestNG.java:293)
	at org.testng.remote.RemoteTestNG.main(RemoteTestNG.java:91)
]]>
            </full-stacktrace>
          </exception> <!-- org.openqa.selenium.NoSuchElementException -->
          <reporter-output>
          </reporter-output>
        </test-method> <!-- testPurchaseReturnMethod -->
        <test-method is-config="true" signature="report()[pri:0, instance:com.it.digitech.tests.PurchaseReturnTest@6b8ca3c8]" started-at="2024-11-16T17:32:52Z" name="report" finished-at="2024-11-16T17:32:53Z" duration-ms="117" status="PASS">
          <reporter-output>
          </reporter-output>
        </test-method> <!-- report -->
      </class> <!-- com.it.digitech.tests.PurchaseReturnTest -->
      <class name="com.it.digitech.tests.PartySaleWithoutBarTest">
        <test-method is-config="true" signature="openUrl()[pri:0, instance:com.it.digitech.tests.PartySaleWithoutBarTest@7671cb68]" started-at="2024-11-16T17:31:23Z" name="openUrl" finished-at="2024-11-16T17:31:26Z" duration-ms="2139" status="PASS">
          <reporter-output>
          </reporter-output>
        </test-method> <!-- openUrl -->
        <test-method signature="testPartySaleWoBarMethod()[pri:0, instance:com.it.digitech.tests.PartySaleWithoutBarTest@7671cb68]" started-at="2024-11-16T17:31:26Z" name="testPartySaleWoBarMethod" finished-at="2024-11-16T17:31:52Z" duration-ms="26431" status="FAIL">
          <exception class="org.openqa.selenium.NoSuchElementException">
            <message>
              <![CDATA[no such element: Unable to locate element: {"method":"xpath","selector":"//button[@id=' BTN_CONFIRM ']"}
  (Session info: chrome=131.0.6778.69)
For documentation on this error, please visit: https://www.selenium.dev/documentation/webdriver/troubleshooting/errors#no-such-element-exception
Build info: version: '4.25.0', revision: '8a8aea2337'
System info: os.name: 'Windows 11', os.arch: 'amd64', os.version: '10.0', java.version: '11.0.23'
Driver info: org.openqa.selenium.chrome.ChromeDriver
Command: [f96ae93fc04a8ffe58650414fe8c8e6a, findElement {value=//button[@id=' BTN_CONFIRM '], using=xpath}]
Capabilities {acceptInsecureCerts: false, browserName: chrome, browserVersion: 131.0.6778.69, chrome: {chromedriverVersion: 131.0.6778.69 (77e2244bbcda..., userDataDir: C:\Users\MITHUN~1\AppData\L...}, fedcm:accounts: true, goog:chromeOptions: {debuggerAddress: localhost:8326}, networkConnectionEnabled: false, pageLoadStrategy: normal, platformName: windows, proxy: Proxy(), se:cdp: ws://localhost:8326/devtool..., se:cdpVersion: 131.0.6778.69, setWindowRect: true, strictFileInteractability: false, timeouts: {implicit: 0, pageLoad: 300000, script: 30000}, unhandledPromptBehavior: dismiss and notify, webauthn:extension:credBlob: true, webauthn:extension:largeBlob: true, webauthn:extension:minPinLength: true, webauthn:extension:prf: true, webauthn:virtualAuthenticators: true}
Session ID: f96ae93fc04a8ffe58650414fe8c8e6a]]>
            </message>
            <full-stacktrace>
              <![CDATA[org.openqa.selenium.NoSuchElementException: no such element: Unable to locate element: {"method":"xpath","selector":"//button[@id=' BTN_CONFIRM ']"}
  (Session info: chrome=131.0.6778.69)
For documentation on this error, please visit: https://www.selenium.dev/documentation/webdriver/troubleshooting/errors#no-such-element-exception
Build info: version: '4.25.0', revision: '8a8aea2337'
System info: os.name: 'Windows 11', os.arch: 'amd64', os.version: '10.0', java.version: '11.0.23'
Driver info: org.openqa.selenium.chrome.ChromeDriver
Command: [f96ae93fc04a8ffe58650414fe8c8e6a, findElement {value=//button[@id=' BTN_CONFIRM '], using=xpath}]
Capabilities {acceptInsecureCerts: false, browserName: chrome, browserVersion: 131.0.6778.69, chrome: {chromedriverVersion: 131.0.6778.69 (77e2244bbcda..., userDataDir: C:\Users\MITHUN~1\AppData\L...}, fedcm:accounts: true, goog:chromeOptions: {debuggerAddress: localhost:8326}, networkConnectionEnabled: false, pageLoadStrategy: normal, platformName: windows, proxy: Proxy(), se:cdp: ws://localhost:8326/devtool..., se:cdpVersion: 131.0.6778.69, setWindowRect: true, strictFileInteractability: false, timeouts: {implicit: 0, pageLoad: 300000, script: 30000}, unhandledPromptBehavior: dismiss and notify, webauthn:extension:credBlob: true, webauthn:extension:largeBlob: true, webauthn:extension:minPinLength: true, webauthn:extension:prf: true, webauthn:virtualAuthenticators: true}
Session ID: f96ae93fc04a8ffe58650414fe8c8e6a
	at java.base/jdk.internal.reflect.NativeConstructorAccessorImpl.newInstance0(Native Method)
	at java.base/jdk.internal.reflect.NativeConstructorAccessorImpl.newInstance(NativeConstructorAccessorImpl.java:62)
	at java.base/jdk.internal.reflect.DelegatingConstructorAccessorImpl.newInstance(DelegatingConstructorAccessorImpl.java:45)
	at java.base/java.lang.reflect.Constructor.newInstance(Constructor.java:490)
	at org.openqa.selenium.remote.ErrorCodec.decode(ErrorCodec.java:167)
	at org.openqa.selenium.remote.codec.w3c.W3CHttpResponseCodec.decode(W3CHttpResponseCodec.java:138)
	at org.openqa.selenium.remote.codec.w3c.W3CHttpResponseCodec.decode(W3CHttpResponseCodec.java:50)
	at org.openqa.selenium.remote.HttpCommandExecutor.execute(HttpCommandExecutor.java:190)
	at org.openqa.selenium.remote.service.DriverCommandExecutor.invokeExecute(DriverCommandExecutor.java:216)
	at org.openqa.selenium.remote.service.DriverCommandExecutor.execute(DriverCommandExecutor.java:174)
	at org.openqa.selenium.remote.RemoteWebDriver.execute(RemoteWebDriver.java:545)
	at org.openqa.selenium.remote.ElementLocation$ElementFinder$2.findElement(ElementLocation.java:165)
	at org.openqa.selenium.remote.ElementLocation.findElement(ElementLocation.java:59)
	at org.openqa.selenium.remote.RemoteWebDriver.findElement(RemoteWebDriver.java:368)
	at org.openqa.selenium.remote.RemoteWebDriver.findElement(RemoteWebDriver.java:362)
	at org.openqa.selenium.support.pagefactory.DefaultElementLocator.findElement(DefaultElementLocator.java:68)
	at org.openqa.selenium.support.pagefactory.internal.LocatingElementHandler.invoke(LocatingElementHandler.java:38)
	at com.sun.proxy.$Proxy17.isDisplayed(Unknown Source)
	at com.it.digitech.utilities.CommonMethods.clickAndCapture(CommonMethods.java:123)
	at com.it.digitech.pages.PartySaleWithoutBarPage.PartySaleWithoutBar(PartySaleWithoutBarPage.java:49)
	at com.it.digitech.tests.PartySaleWithoutBarTest.testPartySaleWoBarMethod(PartySaleWithoutBarTest.java:33)
	at java.base/jdk.internal.reflect.NativeMethodAccessorImpl.invoke0(Native Method)
	at java.base/jdk.internal.reflect.NativeMethodAccessorImpl.invoke(NativeMethodAccessorImpl.java:62)
	at java.base/jdk.internal.reflect.DelegatingMethodAccessorImpl.invoke(DelegatingMethodAccessorImpl.java:43)
	at java.base/java.lang.reflect.Method.invoke(Method.java:566)
	at org.testng.internal.MethodInvocationHelper.invokeMethod(MethodInvocationHelper.java:108)
	at org.testng.internal.Invoker.invokeMethod(Invoker.java:661)
	at org.testng.internal.Invoker.invokeTestMethod(Invoker.java:869)
	at org.testng.internal.Invoker.invokeTestMethods(Invoker.java:1193)
	at org.testng.internal.TestMethodWorker.invokeTestMethods(TestMethodWorker.java:126)
	at org.testng.internal.TestMethodWorker.run(TestMethodWorker.java:109)
	at org.testng.TestRunner.privateRun(TestRunner.java:744)
	at org.testng.TestRunner.run(TestRunner.java:602)
	at org.testng.SuiteRunner.runTest(SuiteRunner.java:380)
	at org.testng.SuiteRunner.runSequentially(SuiteRunner.java:375)
	at org.testng.SuiteRunner.privateRun(SuiteRunner.java:340)
	at org.testng.SuiteRunner.run(SuiteRunner.java:289)
	at org.testng.SuiteRunnerWorker.runSuite(SuiteRunnerWorker.java:52)
	at org.testng.SuiteRunnerWorker.run(SuiteRunnerWorker.java:86)
	at org.testng.TestNG.runSuitesSequentially(TestNG.java:1301)
	at org.testng.TestNG.runSuitesLocally(TestNG.java:1226)
	at org.testng.TestNG.runSuites(TestNG.java:1144)
	at org.testng.TestNG.run(TestNG.java:1115)
	at org.testng.remote.AbstractRemoteTestNG.run(AbstractRemoteTestNG.java:115)
	at org.testng.remote.RemoteTestNG.initAndRun(RemoteTestNG.java:293)
	at org.testng.remote.RemoteTestNG.main(RemoteTestNG.java:91)
]]>
            </full-stacktrace>
          </exception> <!-- org.openqa.selenium.NoSuchElementException -->
          <reporter-output>
          </reporter-output>
        </test-method> <!-- testPartySaleWoBarMethod -->
        <test-method is-config="true" signature="report()[pri:0, instance:com.it.digitech.tests.PartySaleWithoutBarTest@7671cb68]" started-at="2024-11-16T17:31:52Z" name="report" finished-at="2024-11-16T17:31:52Z" duration-ms="118" status="PASS">
          <reporter-output>
          </reporter-output>
        </test-method> <!-- report -->
      </class> <!-- com.it.digitech.tests.PartySaleWithoutBarTest -->
      <class name="com.it.digitech.tests.HireSaleTest">
        <test-method is-config="true" signature="openUrl()[pri:0, instance:com.it.digitech.tests.HireSaleTest@61386958]" started-at="2024-11-16T17:30:21Z" name="openUrl" finished-at="2024-11-16T17:30:23Z" duration-ms="2164" status="PASS">
          <reporter-output>
          </reporter-output>
        </test-method> <!-- openUrl -->
        <test-method signature="testHireSaleWoBarMethod()[pri:0, instance:com.it.digitech.tests.HireSaleTest@61386958]" started-at="2024-11-16T17:30:23Z" name="testHireSaleWoBarMethod" finished-at="2024-11-16T17:30:57Z" duration-ms="33972" status="PASS">
          <reporter-output>
          </reporter-output>
        </test-method> <!-- testHireSaleWoBarMethod -->
        <test-method is-config="true" signature="report()[pri:0, instance:com.it.digitech.tests.HireSaleTest@61386958]" started-at="2024-11-16T17:30:57Z" name="report" finished-at="2024-11-16T17:30:57Z" duration-ms="116" status="PASS">
          <reporter-output>
          </reporter-output>
        </test-method> <!-- report -->
      </class> <!-- com.it.digitech.tests.HireSaleTest -->
      <class name="com.it.digitech.tests.PartySaleTest">
        <test-method is-config="true" signature="openUrl()[pri:0, instance:com.it.digitech.tests.PartySaleTest@2e222612]" started-at="2024-11-16T17:29:52Z" name="openUrl" finished-at="2024-11-16T17:29:54Z" duration-ms="2200" status="PASS">
          <reporter-output>
          </reporter-output>
        </test-method> <!-- openUrl -->
        <test-method signature="testPartySaleWoBarMethod()[pri:0, instance:com.it.digitech.tests.PartySaleTest@2e222612]" started-at="2024-11-16T17:29:54Z" name="testPartySaleWoBarMethod" finished-at="2024-11-16T17:30:20Z" duration-ms="26202" status="PASS">
          <reporter-output>
          </reporter-output>
        </test-method> <!-- testPartySaleWoBarMethod -->
        <test-method is-config="true" signature="report()[pri:0, instance:com.it.digitech.tests.PartySaleTest@2e222612]" started-at="2024-11-16T17:30:20Z" name="report" finished-at="2024-11-16T17:30:21Z" duration-ms="126" status="PASS">
          <reporter-output>
          </reporter-output>
        </test-method> <!-- report -->
      </class> <!-- com.it.digitech.tests.PartySaleTest -->
      <class name="com.it.digitech.tests.PurchaseGrnCorpListTest">
        <test-method is-config="true" signature="openUrl()[pri:0, instance:com.it.digitech.tests.PurchaseGrnCorpListTest@77eca502]" started-at="2024-11-16T17:28:52Z" name="openUrl" finished-at="2024-11-16T17:28:55Z" duration-ms="2546" status="PASS">
          <reporter-output>
          </reporter-output>
        </test-method> <!-- openUrl -->
        <test-method signature="purchaseGrnCorpListMethod()[pri:0, instance:com.it.digitech.tests.PurchaseGrnCorpListTest@77eca502]" started-at="2024-11-16T17:28:55Z" name="purchaseGrnCorpListMethod" finished-at="2024-11-16T17:29:26Z" duration-ms="30921" status="PASS">
          <reporter-output>
          </reporter-output>
        </test-method> <!-- purchaseGrnCorpListMethod -->
        <test-method is-config="true" signature="report()[pri:0, instance:com.it.digitech.tests.PurchaseGrnCorpListTest@77eca502]" started-at="2024-11-16T17:29:26Z" name="report" finished-at="2024-11-16T17:29:26Z" duration-ms="103" status="PASS">
          <reporter-output>
          </reporter-output>
        </test-method> <!-- report -->
      </class> <!-- com.it.digitech.tests.PurchaseGrnCorpListTest -->
      <class name="com.it.digitech.tests.ReceiveVoucharTest">
        <test-method is-config="true" signature="openUrl()[pri:0, instance:com.it.digitech.tests.ReceiveVoucharTest@34f7cfd9]" started-at="2024-11-16T17:34:11Z" name="openUrl" finished-at="2024-11-16T17:34:13Z" duration-ms="2152" status="PASS">
          <reporter-output>
          </reporter-output>
        </test-method> <!-- openUrl -->
        <test-method signature="testReceiveVouchar()[pri:0, instance:com.it.digitech.tests.ReceiveVoucharTest@34f7cfd9]" started-at="2024-11-16T17:34:13Z" name="testReceiveVouchar" finished-at="2024-11-16T17:34:40Z" duration-ms="27522" status="PASS">
          <reporter-output>
          </reporter-output>
        </test-method> <!-- testReceiveVouchar -->
        <test-method is-config="true" signature="report()[pri:0, instance:com.it.digitech.tests.ReceiveVoucharTest@34f7cfd9]" started-at="2024-11-16T17:34:40Z" name="report" finished-at="2024-11-16T17:34:41Z" duration-ms="142" status="PASS">
          <reporter-output>
          </reporter-output>
        </test-method> <!-- report -->
      </class> <!-- com.it.digitech.tests.ReceiveVoucharTest -->
      <class name="com.it.digitech.tests.PaymentVoucharTest">
        <test-method is-config="true" signature="openUrl()[pri:0, instance:com.it.digitech.tests.PaymentVoucharTest@3a6bb9bf]" started-at="2024-11-16T17:33:39Z" name="openUrl" finished-at="2024-11-16T17:33:41Z" duration-ms="2143" status="PASS">
          <reporter-output>
          </reporter-output>
        </test-method> <!-- openUrl -->
        <test-method signature="testPaymmentVouchar()[pri:0, instance:com.it.digitech.tests.PaymentVoucharTest@3a6bb9bf]" started-at="2024-11-16T17:33:41Z" name="testPaymmentVouchar" finished-at="2024-11-16T17:34:11Z" duration-ms="29620" status="PASS">
          <reporter-output>
          </reporter-output>
        </test-method> <!-- testPaymmentVouchar -->
        <test-method is-config="true" signature="report()[pri:0, instance:com.it.digitech.tests.PaymentVoucharTest@3a6bb9bf]" started-at="2024-11-16T17:34:11Z" name="report" finished-at="2024-11-16T17:34:11Z" duration-ms="142" status="PASS">
          <reporter-output>
          </reporter-output>
        </test-method> <!-- report -->
      </class> <!-- com.it.digitech.tests.PaymentVoucharTest -->
      <class name="com.it.digitech.tests.HireSaleWithoutBarTest">
        <test-method is-config="true" signature="openUrl()[pri:0, instance:com.it.digitech.tests.HireSaleWithoutBarTest@49dc7102]" started-at="2024-11-16T17:31:52Z" name="openUrl" finished-at="2024-11-16T17:31:54Z" duration-ms="2156" status="PASS">
          <reporter-output>
          </reporter-output>
        </test-method> <!-- openUrl -->
        <test-method signature="testHireSaleWoBarMethod()[pri:0, instance:com.it.digitech.tests.HireSaleWithoutBarTest@49dc7102]" started-at="2024-11-16T17:31:54Z" name="testHireSaleWoBarMethod" finished-at="2024-11-16T17:32:32Z" duration-ms="38181" status="PASS">
          <reporter-output>
          </reporter-output>
        </test-method> <!-- testHireSaleWoBarMethod -->
        <test-method is-config="true" signature="report()[pri:0, instance:com.it.digitech.tests.HireSaleWithoutBarTest@49dc7102]" started-at="2024-11-16T17:32:32Z" name="report" finished-at="2024-11-16T17:32:33Z" duration-ms="105" status="PASS">
          <reporter-output>
          </reporter-output>
        </test-method> <!-- report -->
      </class> <!-- com.it.digitech.tests.HireSaleWithoutBarTest -->
      <class name="com.it.digitech.tests.SupplierPaymentTest">
        <test-method is-config="true" signature="openUrl()[pri:0, instance:com.it.digitech.tests.SupplierPaymentTest@10959ece]" started-at="2024-11-16T17:33:10Z" name="openUrl" finished-at="2024-11-16T17:33:12Z" duration-ms="2153" status="PASS">
          <reporter-output>
          </reporter-output>
        </test-method> <!-- openUrl -->
        <test-method signature="testSupplierPaymentMethod()[pri:0, instance:com.it.digitech.tests.SupplierPaymentTest@10959ece]" started-at="2024-11-16T17:33:12Z" name="testSupplierPaymentMethod" finished-at="2024-11-16T17:33:39Z" duration-ms="26305" status="PASS">
          <reporter-output>
          </reporter-output>
        </test-method> <!-- testSupplierPaymentMethod -->
        <test-method is-config="true" signature="report()[pri:0, instance:com.it.digitech.tests.SupplierPaymentTest@10959ece]" started-at="2024-11-16T17:33:39Z" name="report" finished-at="2024-11-16T17:33:39Z" duration-ms="128" status="PASS">
          <reporter-output>
          </reporter-output>
        </test-method> <!-- report -->
      </class> <!-- com.it.digitech.tests.SupplierPaymentTest -->
      <class name="com.it.digitech.tests.RetailSaleTest">
        <test-method is-config="true" signature="openUrl()[pri:0, instance:com.it.digitech.tests.RetailSaleTest@3246fb96]" started-at="2024-11-16T17:29:26Z" name="openUrl" finished-at="2024-11-16T17:29:28Z" duration-ms="2183" status="PASS">
          <reporter-output>
          </reporter-output>
        </test-method> <!-- openUrl -->
        <test-method signature="testRetailSale()[pri:0, instance:com.it.digitech.tests.RetailSaleTest@3246fb96]" started-at="2024-11-16T17:29:28Z" name="testRetailSale" finished-at="2024-11-16T17:29:52Z" duration-ms="24002" status="PASS">
          <reporter-output>
          </reporter-output>
        </test-method> <!-- testRetailSale -->
        <test-method is-config="true" signature="report()[pri:0, instance:com.it.digitech.tests.RetailSaleTest@3246fb96]" started-at="2024-11-16T17:29:52Z" name="report" finished-at="2024-11-16T17:29:52Z" duration-ms="95" status="PASS">
          <reporter-output>
          </reporter-output>
        </test-method> <!-- report -->
      </class> <!-- com.it.digitech.tests.RetailSaleTest -->
      <class name="com.it.digitech.tests.SalesReturnTest">
        <test-method is-config="true" signature="openUrl()[pri:0, instance:com.it.digitech.tests.SalesReturnTest@68c72235]" started-at="2024-11-16T17:32:53Z" name="openUrl" finished-at="2024-11-16T17:32:55Z" duration-ms="2225" status="PASS">
          <reporter-output>
          </reporter-output>
        </test-method> <!-- openUrl -->
        <test-method signature="testSalesReturnMethod()[pri:0, instance:com.it.digitech.tests.SalesReturnTest@68c72235]" started-at="2024-11-16T17:32:55Z" name="testSalesReturnMethod" finished-at="2024-11-16T17:33:10Z" duration-ms="15342" status="PASS">
          <reporter-output>
          </reporter-output>
        </test-method> <!-- testSalesReturnMethod -->
        <test-method is-config="true" signature="report()[pri:0, instance:com.it.digitech.tests.SalesReturnTest@68c72235]" started-at="2024-11-16T17:33:10Z" name="report" finished-at="2024-11-16T17:33:10Z" duration-ms="122" status="PASS">
          <reporter-output>
          </reporter-output>
        </test-method> <!-- report -->
      </class> <!-- com.it.digitech.tests.SalesReturnTest -->
      <class name="com.it.digitech.tests.JournalVoucharTest">
        <test-method is-config="true" signature="openUrl()[pri:0, instance:com.it.digitech.tests.JournalVoucharTest@26275bef]" started-at="2024-11-16T17:27:24Z" name="openUrl" finished-at="2024-11-16T17:27:26Z" duration-ms="2204" status="PASS">
          <reporter-output>
          </reporter-output>
        </test-method> <!-- openUrl -->
        <test-method signature="testJournalVouchar()[pri:0, instance:com.it.digitech.tests.JournalVoucharTest@26275bef]" started-at="2024-11-16T17:27:26Z" name="testJournalVouchar" finished-at="2024-11-16T17:28:03Z" duration-ms="37328" status="PASS">
          <reporter-output>
          </reporter-output>
        </test-method> <!-- testJournalVouchar -->
        <test-method is-config="true" signature="report()[pri:0, instance:com.it.digitech.tests.JournalVoucharTest@26275bef]" started-at="2024-11-16T17:28:03Z" name="report" finished-at="2024-11-16T17:28:03Z" duration-ms="62" status="PASS">
          <reporter-output>
          </reporter-output>
        </test-method> <!-- report -->
      </class> <!-- com.it.digitech.tests.JournalVoucharTest -->
    </test> <!-- Test -->
  </suite> <!-- Pai Pai POS -->
</testng-results>
